<?xml version="1.0" encoding="UTF-8"?>
<!-- Generated by org.testng.reporters.JUnitReportReporter -->
<testsuite hostname="PrasannaKona" failures="0" tests="1" name="runner.Runner" time="25.599" errors="0" timestamp="2022-07-01T12:37:34 IST" skipped="0">
  <testcase classname="runner.Runner" name="runScenario" time="25.599"/>
  <system-out/>
</testsuite> <!-- runner.Runner -->
