<?xml version="1.0" encoding="UTF-8"?>
<!-- Generated by org.testng.reporters.JUnitReportReporter -->
<testsuite hostname="PrasannaKona" failures="0" tests="1" name="test.LoginTest" time="30.221" errors="0" timestamp="2022-07-01T12:05:32 IST" skipped="0">
  <testcase classname="test.LoginTest" name="login" time="30.221"/>
  <system-out/>
</testsuite> <!-- test.LoginTest -->
