<?xml version="1.0" encoding="UTF-8"?>
<!-- Generated by org.testng.reporters.JUnitReportReporter -->
<testsuite hostname="PrasannaKona" failures="0" tests="1" name="test.CreateTripTest" time="41.490" errors="0" timestamp="2022-06-29T09:57:20 IST" skipped="0">
  <testcase classname="test.CreateTripTest" name="createtrip" time="41.490"/>
  <system-out/>
</testsuite> <!-- test.CreateTripTest -->
