<?xml version="1.0" encoding="UTF-8"?>
<!-- Generated by org.testng.reporters.JUnitReportReporter -->
<testsuite hostname="PrasannaKona" failures="0" tests="1" name="runner.Runner" time="32.016" errors="0" timestamp="2022-07-01T12:40:33 IST" skipped="0">
  <testcase classname="runner.Runner" name="runScenario" time="32.016"/>
  <system-out/>
</testsuite> <!-- runner.Runner -->
